#
# There is insufficient memory for the Java Runtime Environment to continue.
# Native memory allocation (mmap) failed to map 132120576 bytes for G1 virtual space
# Possible reasons:
#   The system is out of physical RAM or swap space
#   The process is running with CompressedOops enabled, and the Java Heap may be blocking the growth of the native heap
# Possible solutions:
#   Reduce memory load on the system
#   Increase physical memory or swap space
#   Check if swap backing store is full
#   Decrease Java heap size (-Xmx/-Xms)
#   Decrease number of Java threads
#   Decrease Java thread stack sizes (-Xss)
#   Set larger code cache with -XX:ReservedCodeCacheSize=
#   JVM is running with Unscaled Compressed Oops mode in which the Java heap is
#     placed in the first 4GB address space. The Java Heap base address is the
#     maximum limit for the native heap growth. Please use -XX:HeapBaseMinAddress
#     to set the Java Heap base and to place the Java Heap above 4GB virtual address.
# This output file may be truncated or incomplete.
#
#  Out of Memory Error (os_windows.cpp:3530), pid=65364, tid=109892
#
# JRE version:  (18.0+36) (build )
# Java VM: Java HotSpot(TM) 64-Bit Server VM (18+36-2087, mixed mode, sharing, tiered, compressed oops, compressed class ptrs, g1 gc, windows-amd64)
# No core dump will be written. Minidumps are not enabled by default on client versions of Windows
#

---------------  S U M M A R Y ------------

Command Line: -javaagent:C:\Program Files\JetBrains\IntelliJ IDEA Community Edition 2021.3.3\lib\idea_rt.jar=60611:C:\Program Files\JetBrains\IntelliJ IDEA Community Edition 2021.3.3\bin -Dfile.encoding=UTF-8 main.Example1

Host: 11th Gen Intel(R) Core(TM) i5-1135G7 @ 2.40GHz, 8 cores, 7G,  Windows 11 , 64 bit Build 22621 (10.0.22621.608)
Time: Sun Nov  6 01:45:07 2022 India Standard Time elapsed time: 0.031659 seconds (0d 0h 0m 0s)

---------------  T H R E A D  ---------------

Current thread (0x000002246353ac70):  JavaThread "Unknown thread" [_thread_in_vm, id=109892, stack(0x000000278c200000,0x000000278c300000)]

Stack: [0x000000278c200000,0x000000278c300000]
Native frames: (J=compiled Java code, j=interpreted, Vv=VM code, C=native code)
V  [jvm.dll+0x69804a]
V  [jvm.dll+0x7f308d]
V  [jvm.dll+0x7f499e]
V  [jvm.dll+0x7f5053]
V  [jvm.dll+0x25ca3f]
V  [jvm.dll+0x694f99]
V  [jvm.dll+0x689aca]
V  [jvm.dll+0x321efb]
V  [jvm.dll+0x3298d6]
V  [jvm.dll+0x37e47e]
V  [jvm.dll+0x37e6af]
V  [jvm.dll+0x2f9c7a]
V  [jvm.dll+0x2facdd]
V  [jvm.dll+0x7c1cc0]
V  [jvm.dll+0x38b801]
V  [jvm.dll+0x7a09d3]
V  [jvm.dll+0x40d6bf]
V  [jvm.dll+0x40f091]
C  [jli.dll+0x526b]
C  [ucrtbase.dll+0x29363]
C  [KERNEL32.DLL+0x1244d]
C  [ntdll.dll+0x5df78]


---------------  P R O C E S S  ---------------

Threads class SMR info:
_java_thread_list=0x00007ffb561ce550, length=0, elements={
}

Java Threads: ( => current thread )

Other Threads:
  0x000002246359c5e0 WorkerThread "GC Thread#0" [stack: 0x000000278c300000,0x000000278c400000] [id=94668]
  0x00000224635acfb0 ConcurrentGCThread "G1 Main Marker" [stack: 0x000000278c400000,0x000000278c500000] [id=104356]
  0x00000224635af150 WorkerThread "G1 Conc#0" [stack: 0x000000278c500000,0x000000278c600000] [id=97036]

[error occurred during error reporting (printing all threads), id 0xc0000005, EXCEPTION_ACCESS_VIOLATION (0xc0000005) at pc=0x00007ffb559fa217]

VM state: not at safepoint (not fully initialized)

VM Mutex/Monitor currently owned by a thread:  ([mutex/lock_event])
[0x0000022463535f30] Heap_lock - owner thread: 0x000002246353ac70

Heap address: 0x0000000083600000, size: 1994 MB, Compressed Oops mode: 32-bit

CDS archive(s) mapped at: [0x0000000000000000-0x0000000000000000-0x0000000000000000), size 0, SharedBaseAddress: 0x0000000800000000, ArchiveRelocationMode: 0.
Narrow klass base: 0x0000000000000000, Narrow klass shift: 0, Narrow klass range: 0x0

GC Precious Log:
 CardTable entry size: 512
 Card Set container configuration: InlinePtr #cards 5 size 8 Array Of Cards #cards 12 size 40 Howl #buckets 4 coarsen threshold 1843 Howl Bitmap #cards 512 size 80 coarsen threshold 460 Card regions per heap region 1 cards per card region 2048

Heap:
 garbage-first heap   total 0K, used 0K [0x0000000083600000, 0x0000000100000000)
  region size 1024K, 0 young (0K), 0 survivors (0K)

[error occurred during error reporting (printing heap information), id 0xc0000005, EXCEPTION_ACCESS_VIOLATION (0xc0000005) at pc=0x00007ffb55de0489]

GC Heap History (0 events):
No events

Deoptimization events (0 events):
No events

Classes loaded (0 events):
No events

Classes unloaded (0 events):
No events

Classes redefined (0 events):
No events

Internal exceptions (0 events):
No events

VM Operations (0 events):
No events

Events (1 events):
Event: 0.025 Loaded shared library C:\Program Files\Java\jdk-18\bin\java.dll


Dynamic libraries:
0x00007ff653a00000 - 0x00007ff653a10000 	C:\Program Files\Java\jdk-18\bin\java.exe
0x00007ffbdea50000 - 0x00007ffbdec64000 	C:\WINDOWS\SYSTEM32\ntdll.dll
0x00007ffbddaf0000 - 0x00007ffbddbb2000 	C:\WINDOWS\System32\KERNEL32.DLL
0x00007ffbdc390000 - 0x00007ffbdc72c000 	C:\WINDOWS\System32\KERNELBASE.dll
0x00007ffbdc730000 - 0x00007ffbdc841000 	C:\WINDOWS\System32\ucrtbase.dll
0x00007ffbd0c10000 - 0x00007ffbd0c28000 	C:\Program Files\Java\jdk-18\bin\jli.dll
0x00007ffbd0c30000 - 0x00007ffbd0c4a000 	C:\Program Files\Java\jdk-18\bin\VCRUNTIME140.dll
0x00007ffbdcee0000 - 0x00007ffbdcf8e000 	C:\WINDOWS\System32\ADVAPI32.dll
0x00007ffbdc880000 - 0x00007ffbdc927000 	C:\WINDOWS\System32\msvcrt.dll
0x00007ffbdd850000 - 0x00007ffbdd8f4000 	C:\WINDOWS\System32\sechost.dll
0x00007ffbdd9b0000 - 0x00007ffbddac5000 	C:\WINDOWS\System32\RPCRT4.dll
0x00007ffbdcc80000 - 0x00007ffbdce2a000 	C:\WINDOWS\System32\USER32.dll
0x00007ffbc5830000 - 0x00007ffbc5abe000 	C:\WINDOWS\WinSxS\amd64_microsoft.windows.common-controls_6595b64144ccf1df_6.0.22621.608_none_a9444ca7c10bb01d\COMCTL32.dll
0x00007ffbdc240000 - 0x00007ffbdc266000 	C:\WINDOWS\System32\win32u.dll
0x00007ffbdc850000 - 0x00007ffbdc879000 	C:\WINDOWS\System32\GDI32.dll
0x00007ffbd1640000 - 0x00007ffbd164a000 	C:\WINDOWS\SYSTEM32\VERSION.dll
0x00007ffbdc060000 - 0x00007ffbdc172000 	C:\WINDOWS\System32\gdi32full.dll
0x00007ffbdc2f0000 - 0x00007ffbdc38a000 	C:\WINDOWS\System32\msvcp_win.dll
0x00007ffbdd900000 - 0x00007ffbdd931000 	C:\WINDOWS\System32\IMM32.DLL
0x00007ffbd2270000 - 0x00007ffbd227c000 	C:\Program Files\Java\jdk-18\bin\vcruntime140_1.dll
0x00007ffb90bc0000 - 0x00007ffb90c4d000 	C:\Program Files\Java\jdk-18\bin\msvcp140.dll
0x00007ffb556f0000 - 0x00007ffb56301000 	C:\Program Files\Java\jdk-18\bin\server\jvm.dll
0x00007ffbde6a0000 - 0x00007ffbde6a8000 	C:\WINDOWS\System32\PSAPI.DLL
0x00007ffbd23d0000 - 0x00007ffbd2404000 	C:\WINDOWS\SYSTEM32\WINMM.dll
0x00007ffbc6900000 - 0x00007ffbc6909000 	C:\WINDOWS\SYSTEM32\WSOCK32.dll
0x00007ffbde4b0000 - 0x00007ffbde521000 	C:\WINDOWS\System32\WS2_32.dll
0x00007ffbdafd0000 - 0x00007ffbdafe8000 	C:\WINDOWS\SYSTEM32\kernel.appcore.dll
0x00007ffbd0be0000 - 0x00007ffbd0bea000 	C:\Program Files\Java\jdk-18\bin\jimage.dll
0x00007ffbd9610000 - 0x00007ffbd983e000 	C:\WINDOWS\SYSTEM32\DBGHELP.DLL
0x00007ffbdd4c0000 - 0x00007ffbdd849000 	C:\WINDOWS\System32\combase.dll
0x00007ffbdc930000 - 0x00007ffbdca07000 	C:\WINDOWS\System32\OLEAUT32.dll
0x00007ffbd1830000 - 0x00007ffbd1862000 	C:\WINDOWS\SYSTEM32\dbgcore.DLL
0x00007ffbdc270000 - 0x00007ffbdc2eb000 	C:\WINDOWS\System32\bcryptPrimitives.dll
0x00007ffbcfb60000 - 0x00007ffbcfb6e000 	C:\Program Files\Java\jdk-18\bin\instrument.dll
0x00007ffbc69e0000 - 0x00007ffbc6a05000 	C:\Program Files\Java\jdk-18\bin\java.dll

dbghelp: loaded successfully - version: 4.0.5 - missing functions: none
symbol engine: initialized successfully - sym options: 0x614 - pdb path: .;C:\Program Files\Java\jdk-18\bin;C:\WINDOWS\SYSTEM32;C:\WINDOWS\WinSxS\amd64_microsoft.windows.common-controls_6595b64144ccf1df_6.0.22621.608_none_a9444ca7c10bb01d;C:\Program Files\Java\jdk-18\bin\server

VM Arguments:
jvm_args: -javaagent:C:\Program Files\JetBrains\IntelliJ IDEA Community Edition 2021.3.3\lib\idea_rt.jar=60611:C:\Program Files\JetBrains\IntelliJ IDEA Community Edition 2021.3.3\bin -Dfile.encoding=UTF-8 
java_command: main.Example1
java_class_path (initial): D:\shrikant\core-java\iostreams\out\production\iostreams
Launcher Type: SUN_STANDARD

[Global flags]
     intx CICompilerCount                          = 4                                         {product} {ergonomic}
     uint ConcGCThreads                            = 2                                         {product} {ergonomic}
     uint G1ConcRefinementThreads                  = 8                                         {product} {ergonomic}
   size_t G1HeapRegionSize                         = 1048576                                   {product} {ergonomic}
    uintx GCDrainStackTargetSize                   = 64                                        {product} {ergonomic}
   size_t InitialHeapSize                          = 132120576                                 {product} {ergonomic}
   size_t MarkStackSize                            = 4194304                                   {product} {ergonomic}
   size_t MaxHeapSize                              = 2090860544                                {product} {ergonomic}
   size_t MinHeapDeltaBytes                        = 1048576                                   {product} {ergonomic}
   size_t MinHeapSize                              = 8388608                                   {product} {ergonomic}
    uintx NonNMethodCodeHeapSize                   = 5839372                                {pd product} {ergonomic}
    uintx NonProfiledCodeHeapSize                  = 122909434                              {pd product} {ergonomic}
    uintx ProfiledCodeHeapSize                     = 122909434                              {pd product} {ergonomic}
    uintx ReservedCodeCacheSize                    = 251658240                              {pd product} {ergonomic}
     bool SegmentedCodeCache                       = true                                      {product} {ergonomic}
   size_t SoftMaxHeapSize                          = 2090860544                             {manageable} {ergonomic}
     bool UseCompressedClassPointers               = true                           {product lp64_product} {ergonomic}
     bool UseCompressedOops                        = true                           {product lp64_product} {ergonomic}
     bool UseG1GC                                  = true                                      {product} {ergonomic}
     bool UseLargePagesIndividualAllocation        = false                                  {pd product} {ergonomic}

Logging:
Log output configuration:
 #0: stdout all=warning uptime,level,tags foldmultilines=false
 #1: stderr all=off uptime,level,tags foldmultilines=false

Environment Variables:
JAVA_HOME=C:\Program Files\Java\jdk-18
PATH=C:\Program Files\Common Files\Oracle\Java\javapath;C:\WINDOWS\system32;C:\WINDOWS;C:\WINDOWS\System32\Wbem;C:\WINDOWS\System32\WindowsPowerShell\v1.0\;C:\WINDOWS\System32\OpenSSH\;C:\Program Files\Java\jdk-18\bin;C:\Program Files\MySQL\MySQL Server 8.0\bin;C:\Program Files\Git\cmd;C:\Program Files\MySQL\MySQL Shell 8.0\bin\;C:\Users\Lenovo\AppData\Local\Programs\Python\Python310\Scripts\;C:\Users\Lenovo\AppData\Local\Programs\Python\Python310\;C:\Users\Lenovo\AppData\Local\Microsoft\WindowsApps;C:\Users\Lenovo\AppData\Local\Programs\Microsoft VS Code\bin;C:\MinGW\bin;C:\ProgramData\Lenovo\atom\bin;C:\Users\Lenovo\AppData\Local\Microsoft\WindowsApps;C:\software\apache-maven-3.8.6\bin;
USERNAME=Lenovo
OS=Windows_NT
PROCESSOR_IDENTIFIER=Intel64 Family 6 Model 140 Stepping 1, GenuineIntel



---------------  S Y S T E M  ---------------

OS:
 Windows 11 , 64 bit Build 22621 (10.0.22621.608)
OS uptime: 3 days 22:57 hours
Hyper-V role detected

CPU: total 8 (initial active 8) (4 cores per cpu, 2 threads per core) family 6 model 140 stepping 1 microcode 0xa4, cx8, cmov, fxsr, ht, mmx, 3dnowpref, sse, sse2, sse3, ssse3, sse4.1, sse4.2, popcnt, lzcnt, tsc, tscinvbit, avx, avx2, aes, erms, clmul, bmi1, bmi2, adx, avx512f, avx512dq, avx512cd, avx512bw, avx512vl, sha, fma, vzeroupper, avx512_vpopcntdq, avx512_vpclmulqdq, avx512_vaes, avx512_vnni, clflush, clflushopt, clwb, avx512_vbmi2, avx512_vbmi, hv

Memory: 4k page, system-wide physical 7975M (578M free)
TotalPageFile size 12071M (AvailPageFile size 47M)
current process WorkingSet (physical memory assigned to process): 11M, peak: 11M
current process commit charge ("private bytes"): 60M, peak: 186M

vm_info: Java HotSpot(TM) 64-Bit Server VM (18+36-2087) for windows-amd64 JRE (18+36-2087), built on Feb 15 2022 09:43:11 by "mach5one" with MS VC++ 16.8 / 16.9 (VS2019)

END.
